0 info it worked if it ends with ok
1 verbose cli [ '/Users/jpedroribeiro/.nvm/versions/node/v6.9.3/bin/node',
1 verbose cli   '/Users/jpedroribeiro/.nvm/versions/node/v6.9.3/bin/npm',
1 verbose cli   'start',
1 verbose cli   '666' ]
2 info using npm@3.10.10
3 info using node@v6.9.3
4 verbose run-script [ 'prestart', 'start', 'poststart' ]
5 info lifecycle voucherwallet@1.0.0~prestart: voucherwallet@1.0.0
6 silly lifecycle voucherwallet@1.0.0~prestart: no script for prestart, continuing
7 info lifecycle voucherwallet@1.0.0~start: voucherwallet@1.0.0
8 verbose lifecycle voucherwallet@1.0.0~start: unsafe-perm in lifecycle true
9 verbose lifecycle voucherwallet@1.0.0~start: PATH: /Users/jpedroribeiro/.nvm/versions/node/v6.9.3/lib/node_modules/npm/bin/node-gyp-bin:/Users/jpedroribeiro/dev/VoucherWallet/node_modules/.bin:/Users/jpedroribeiro/.nvm/versions/node/v6.9.3/bin:/Users/jpedroribeiro/.npm-packages/bin:/usr/local/mysql/bin:/Users/jpedroribeiro/npm/bin:/usr/local/share/npm/bin:/bin:/sbin:/usr/bin:/usr/local/sbin:/usr/local/bin:/usr/local/bin:/usr/bin:/bin:/usr/sbin:/sbin
10 verbose lifecycle voucherwallet@1.0.0~start: CWD: /Users/jpedroribeiro/dev/VoucherWallet
11 silly lifecycle voucherwallet@1.0.0~start: Args: [ '-c', 'node server/index.js "666"' ]
12 silly lifecycle voucherwallet@1.0.0~start: Returned: code: 1  signal: null
13 info lifecycle voucherwallet@1.0.0~start: Failed to exec start script
14 verbose stack Error: voucherwallet@1.0.0 start: `node server/index.js "666"`
14 verbose stack Exit status 1
14 verbose stack     at EventEmitter.<anonymous> (/Users/jpedroribeiro/.nvm/versions/node/v6.9.3/lib/node_modules/npm/lib/utils/lifecycle.js:255:16)
14 verbose stack     at emitTwo (events.js:106:13)
14 verbose stack     at EventEmitter.emit (events.js:191:7)
14 verbose stack     at ChildProcess.<anonymous> (/Users/jpedroribeiro/.nvm/versions/node/v6.9.3/lib/node_modules/npm/lib/utils/spawn.js:40:14)
14 verbose stack     at emitTwo (events.js:106:13)
14 verbose stack     at ChildProcess.emit (events.js:191:7)
14 verbose stack     at maybeClose (internal/child_process.js:877:16)
14 verbose stack     at Process.ChildProcess._handle.onexit (internal/child_process.js:226:5)
15 verbose pkgid voucherwallet@1.0.0
16 verbose cwd /Users/jpedroribeiro/dev/VoucherWallet
17 error Darwin 17.0.0
18 error argv "/Users/jpedroribeiro/.nvm/versions/node/v6.9.3/bin/node" "/Users/jpedroribeiro/.nvm/versions/node/v6.9.3/bin/npm" "start" "666"
19 error node v6.9.3
20 error npm  v3.10.10
21 error code ELIFECYCLE
22 error voucherwallet@1.0.0 start: `node server/index.js "666"`
22 error Exit status 1
23 error Failed at the voucherwallet@1.0.0 start script 'node server/index.js "666"'.
23 error Make sure you have the latest version of node.js and npm installed.
23 error If you do, this is most likely a problem with the voucherwallet package,
23 error not with npm itself.
23 error Tell the author that this fails on your system:
23 error     node server/index.js "666"
23 error You can get information on how to open an issue for this project with:
23 error     npm bugs voucherwallet
23 error Or if that isn't available, you can get their info via:
23 error     npm owner ls voucherwallet
23 error There is likely additional logging output above.
24 verbose exit [ 1, true ]
